  main.cpp
D:\CompGraphic\Project1_Art\Project1_Art2\main.cpp(360,17): warning C4244: '=': conversion from 'double' to 'float', possible loss of data
D:\CompGraphic\Project1_Art\Project1_Art2\main.cpp(361,17): warning C4244: '=': conversion from 'double' to 'float', possible loss of data
D:\CompGraphic\Project1_Art\Project1_Art2\main.cpp(365,19): warning C4244: 'initializing': conversion from 'double' to 'float', possible loss of data
D:\CompGraphic\Project1_Art\Project1_Art2\main.cpp(366,19): warning C4244: 'initializing': conversion from 'double' to 'float', possible loss of data
D:\CompGraphic\Project1_Art\Project1_Art2\main.cpp(367,13): warning C4244: '=': conversion from 'double' to 'float', possible loss of data
D:\CompGraphic\Project1_Art\Project1_Art2\main.cpp(368,13): warning C4244: '=': conversion from 'double' to 'float', possible loss of data
D:\CompGraphic\Project1_Art\Project1_Art2\main.cpp(510,28): warning C4244: 'initializing': conversion from 'double' to 'float', possible loss of data
D:\CompGraphic\Project1_Art\Project1_Art2\main.cpp(532,41): warning C4244: '=': conversion from 'double' to 'T', possible loss of data
D:\CompGraphic\Project1_Art\Project1_Art2\main.cpp(532,41): warning C4244:         with
D:\CompGraphic\Project1_Art\Project1_Art2\main.cpp(532,41): warning C4244:         [
D:\CompGraphic\Project1_Art\Project1_Art2\main.cpp(532,41): warning C4244:             T=float
D:\CompGraphic\Project1_Art\Project1_Art2\main.cpp(532,41): warning C4244:         ]
D:\CompGraphic\Project1_Art\Project1_Art2\main.cpp(533,41): warning C4244: '=': conversion from 'double' to 'T', possible loss of data
D:\CompGraphic\Project1_Art\Project1_Art2\main.cpp(533,41): warning C4244:         with
D:\CompGraphic\Project1_Art\Project1_Art2\main.cpp(533,41): warning C4244:         [
D:\CompGraphic\Project1_Art\Project1_Art2\main.cpp(533,41): warning C4244:             T=float
D:\CompGraphic\Project1_Art\Project1_Art2\main.cpp(533,41): warning C4244:         ]
D:\CompGraphic\Project1_Art\Project1_Art2\main.cpp(537,58): warning C4244: '=': conversion from 'double' to 'T', possible loss of data
D:\CompGraphic\Project1_Art\Project1_Art2\main.cpp(537,58): warning C4244:         with
D:\CompGraphic\Project1_Art\Project1_Art2\main.cpp(537,58): warning C4244:         [
D:\CompGraphic\Project1_Art\Project1_Art2\main.cpp(537,58): warning C4244:             T=float
D:\CompGraphic\Project1_Art\Project1_Art2\main.cpp(537,58): warning C4244:         ]
D:\CompGraphic\Project1_Art\Project1_Art2\main.cpp(538,58): warning C4244: '=': conversion from 'double' to 'T', possible loss of data
D:\CompGraphic\Project1_Art\Project1_Art2\main.cpp(538,58): warning C4244:         with
D:\CompGraphic\Project1_Art\Project1_Art2\main.cpp(538,58): warning C4244:         [
D:\CompGraphic\Project1_Art\Project1_Art2\main.cpp(538,58): warning C4244:             T=float
D:\CompGraphic\Project1_Art\Project1_Art2\main.cpp(538,58): warning C4244:         ]
  Project1.vcxproj -> D:\CompGraphic\Project1_Art\Project1_Art2\x64\Debug\Project1.exe
